Vivado Simulator 2018.2
Copyright 1986-1999, 2001-2018 Xilinx, Inc. All Rights Reserved.
Running: C:/Xilinx/Vivado/2018.2/bin/unwrapped/win64.o/xelab.exe -wto 7b23e1fb59004c989a8225f897b1cc73 --incr --debug typical --relax --mt 2 -L xil_defaultlib -L unisims_ver -L unimacro_ver -L secureip --snapshot Top_Student_behav xil_defaultlib.Top_Student xil_defaultlib.glbl -log elaborate.log 
Using 2 slave threads.
Starting static elaboration
WARNING: [VRFC 10-1374] size mismatch in mixed language port association, vhdl port rst [C:/Users/86131/Downloads/EE2026/integrated_project/integrated_project.srcs/sources_1/new/cursor_animation.v:26]
WARNING: [VRFC 10-278] actual bit length 1 differs from formal bit length 10 for port x_out [C:/Users/86131/Downloads/EE2026/integrated_project/integrated_project.srcs/sources_1/new/Top_Student.v:76]
Completed static elaboration
Starting simulation data flow analysis
WARNING: [XSIM 43-4099] "C:/Users/86131/Downloads/EE2026/integrated_project/integrated_project.srcs/sources_1/new/ascii_rom.v" Line 23. Module ascii_rom doesn't have a timescale but at least one module in design has a timescale.
Completed simulation data flow analysis
Time Resolution for simulation is 1ps
Compiling package std.standard
Compiling package std.textio
Compiling package ieee.std_logic_1164
Compiling package ieee.std_logic_arith
Compiling package ieee.std_logic_unsigned
Compiling package ieee.numeric_std
Compiling package unisim.vcomponents
Compiling module xil_defaultlib.vga_controller_default
Compiling module xil_defaultlib.ascii_rom
Compiling module xil_defaultlib.ascii_test
Compiling module xil_defaultlib.board_animation
Compiling architecture behavioral of entity xil_defaultlib.Ps2Interface [ps2interface_default]
Compiling architecture behavioral of entity xil_defaultlib.MouseCtl [mousectl_default]
Compiling module xil_defaultlib.cursor_animation
Compiling module xil_defaultlib.chess_animation
Compiling module xil_defaultlib.Top_Student
Compiling module xil_defaultlib.glbl
Built simulation snapshot Top_Student_behav
