#-----------------------------------------------------------
# Vivado v2018.2 (64-bit)
# SW Build 2258646 on Thu Jun 14 20:03:12 MDT 2018
# IP Build 2256618 on Thu Jun 14 22:10:49 MDT 2018
# Start of session at: Sat Apr  6 19:32:49 2024
# Process ID: 21672
# Current directory: C:/Users/zhusi/Desktop/integrated_project
# Command line: vivado.exe -gui_launcher_event rodinguilauncherevent22728 C:\Users\zhusi\Desktop\integrated_project\integrated_project.xpr
# Log file: C:/Users/zhusi/Desktop/integrated_project/vivado.log
# Journal file: C:/Users/zhusi/Desktop/integrated_project\vivado.jou
#-----------------------------------------------------------
start_gui
open_project C:/Users/zhusi/Desktop/integrated_project/integrated_project.xpr
INFO: [Project 1-313] Project file moved from 'C:/Users/86131/Downloads/EE2026/integrated_project v3.0.xpr/integrated_project/.Xil/Vivado-1540-DESKTOP-54L5IRB/PrjAr/_X_' since last save.
Scanning sources...
Finished scanning sources
INFO: [IP_Flow 19-234] Refreshing IP repositories
INFO: [IP_Flow 19-1704] No user IP repositories specified
INFO: [IP_Flow 19-2313] Loaded Vivado IP repository 'C:/Xilinx/Vivado/2018.2/data/ip'.
open_project: Time (s): cpu = 00:00:03 ; elapsed = 00:00:06 . Memory (MB): peak = 841.125 ; gain = 131.160
update_compile_order -fileset sources_1
exit
INFO: [Common 17-206] Exiting Vivado at Sat Apr  6 21:47:18 2024...
