#-----------------------------------------------------------
# Vivado v2018.2 (64-bit)
# SW Build 2258646 on Thu Jun 14 20:03:12 MDT 2018
# IP Build 2256618 on Thu Jun 14 22:10:49 MDT 2018
# Start of session at: Sun Apr  7 10:47:35 2024
# Process ID: 22772
# Current directory: C:/Users/zhusi/Desktop/integrated_project
# Command line: vivado.exe -gui_launcher_event rodinguilauncherevent10688 C:\Users\zhusi\Desktop\integrated_project\integrated_project.xpr
# Log file: C:/Users/zhusi/Desktop/integrated_project/vivado.log
# Journal file: C:/Users/zhusi/Desktop/integrated_project\vivado.jou
#-----------------------------------------------------------
start_gui
open_project C:/Users/zhusi/Desktop/integrated_project/integrated_project.xpr
Scanning sources...
Finished scanning sources
INFO: [IP_Flow 19-234] Refreshing IP repositories
INFO: [IP_Flow 19-1704] No user IP repositories specified
INFO: [IP_Flow 19-2313] Loaded Vivado IP repository 'C:/Xilinx/Vivado/2018.2/data/ip'.
open_project: Time (s): cpu = 00:00:03 ; elapsed = 00:00:06 . Memory (MB): peak = 848.723 ; gain = 139.379
update_compile_order -fileset sources_1
exit
INFO: [Common 17-206] Exiting Vivado at Sun Apr  7 16:00:48 2024...
