#-----------------------------------------------------------
# Vivado v2018.2 (64-bit)
# SW Build 2258646 on Thu Jun 14 20:03:12 MDT 2018
# IP Build 2256618 on Thu Jun 14 22:10:49 MDT 2018
# Start of session at: Fri Apr 12 14:12:26 2024
# Process ID: 13124
# Current directory: C:/Users/zhusi/Desktop/integrated_project
# Command line: vivado.exe -gui_launcher_event rodinguilauncherevent26476 C:\Users\zhusi\Desktop\integrated_project\integrated_project.xpr
# Log file: C:/Users/zhusi/Desktop/integrated_project/vivado.log
# Journal file: C:/Users/zhusi/Desktop/integrated_project\vivado.jou
#-----------------------------------------------------------
start_gui
open_project C:/Users/zhusi/Desktop/integrated_project/integrated_project.xpr
Scanning sources...
Finished scanning sources
INFO: [IP_Flow 19-234] Refreshing IP repositories
INFO: [IP_Flow 19-1704] No user IP repositories specified
INFO: [IP_Flow 19-2313] Loaded Vivado IP repository 'C:/Xilinx/Vivado/2018.2/data/ip'.
open_project: Time (s): cpu = 00:00:07 ; elapsed = 00:00:12 . Memory (MB): peak = 802.551 ; gain = 82.852
update_compile_order -fileset sources_1
exit
INFO: [Common 17-206] Exiting Vivado at Fri Apr 12 14:28:14 2024...
