INFO: [VRFC 10-2263] Analyzing Verilog file "C:/Users/86131/Downloads/EE2026/integrated_project/integrated_project.srcs/sources_1/new/ascii_rom.v" into library xil_defaultlib
INFO: [VRFC 10-311] analyzing module ascii_rom
INFO: [VRFC 10-2263] Analyzing Verilog file "C:/Users/86131/Downloads/EE2026/integrated_project/integrated_project.srcs/sources_1/new/ascii_test.v" into library xil_defaultlib
INFO: [VRFC 10-311] analyzing module ascii_test
INFO: [VRFC 10-2263] Analyzing Verilog file "C:/Users/86131/Downloads/EE2026/integrated_project/integrated_project.srcs/sources_1/new/board_animation.v" into library xil_defaultlib
INFO: [VRFC 10-311] analyzing module board_animation
INFO: [VRFC 10-2263] Analyzing Verilog file "C:/Users/86131/Downloads/EE2026/integrated_project/integrated_project.srcs/sources_1/new/chess_animation.v" into library xil_defaultlib
INFO: [VRFC 10-311] analyzing module chess_animation
INFO: [VRFC 10-2263] Analyzing Verilog file "C:/Users/86131/Downloads/EE2026/integrated_project/integrated_project.srcs/sources_1/new/cursor_animation.v" into library xil_defaultlib
INFO: [VRFC 10-311] analyzing module cursor_animation
INFO: [VRFC 10-2263] Analyzing Verilog file "C:/Users/86131/Downloads/EE2026/integrated_project/integrated_project.srcs/sources_1/new/vga_sync.v" into library xil_defaultlib
INFO: [VRFC 10-311] analyzing module vga_controller
INFO: [VRFC 10-2263] Analyzing Verilog file "C:/Users/86131/Downloads/EE2026/integrated_project/integrated_project.srcs/sources_1/new/Top_Student.v" into library xil_defaultlib
INFO: [VRFC 10-311] analyzing module Top_Student
INFO: [VRFC 10-2263] Analyzing Verilog file "C:/Users/86131/Downloads/EE2026/integrated_project/integrated_project.sim/sim_1/behav/xsim/glbl.v" into library xil_defaultlib
INFO: [VRFC 10-311] analyzing module glbl
INFO: [VRFC 10-163] Analyzing VHDL file "C:/Users/86131/Downloads/EE2026/MODS/MODS.srcs/sources_1/imports/Desktop/Mouse_Control.vhd" into library xil_defaultlib
INFO: [VRFC 10-307] analyzing entity MouseCtl
INFO: [VRFC 10-163] Analyzing VHDL file "C:/Users/86131/Downloads/EE2026/integrated_project/integrated_project.srcs/sources_1/imports/Ps2Interface.vhd" into library xil_defaultlib
INFO: [VRFC 10-307] analyzing entity Ps2Interface
